<?xml version="1.0" encoding="UTF-8"?>
<coverage generated="1704289941379" clover="3.2.0">
  <project timestamp="1704289941379" name="All files">
    <metrics statements="10" coveredstatements="4" conditionals="14" coveredconditionals="6" methods="11" coveredmethods="4" elements="35" coveredelements="14" complexity="0" loc="10" ncloc="10" packages="2" files="4" classes="4"/>
    <package name="router">
      <metrics statements="6" coveredstatements="0" conditionals="0" coveredconditionals="0" methods="4" coveredmethods="0"/>
      <file name="index.js" path="C:\Users\Martin\OneDrive\Noter\Zealand\Hovedopgave\rf2LiveTiming\src\router\index.js">
        <metrics statements="6" coveredstatements="0" conditionals="0" coveredconditionals="0" methods="4" coveredmethods="0"/>
        <line num="5" count="0" type="stmt"/>
        <line num="7" count="0" type="stmt"/>
        <line num="22" count="0" type="stmt"/>
        <line num="27" count="0" type="stmt"/>
        <line num="32" count="0" type="stmt"/>
        <line num="37" count="0" type="stmt"/>
      </file>
    </package>
    <package name="views">
      <metrics statements="4" coveredstatements="4" conditionals="14" coveredconditionals="6" methods="7" coveredmethods="4"/>
      <file name="LiveStandings.vue" path="C:\Users\Martin\OneDrive\Noter\Zealand\Hovedopgave\rf2LiveTiming\src\views\LiveStandings.vue">
        <metrics statements="2" coveredstatements="2" conditionals="2" coveredconditionals="2" methods="4" coveredmethods="2"/>
        <line num="2" count="361" type="cond" truecount="2" falsecount="0"/>
        <line num="291" count="1" type="stmt"/>
      </file>
      <file name="TrackRecordsArchive.vue" path="C:\Users\Martin\OneDrive\Noter\Zealand\Hovedopgave\rf2LiveTiming\src\views\TrackRecordsArchive.vue">
        <metrics statements="1" coveredstatements="1" conditionals="10" coveredconditionals="3" methods="2" coveredmethods="1"/>
        <line num="2" count="92" type="cond" truecount="3" falsecount="7"/>
      </file>
      <file name="TracksArchive.vue" path="C:\Users\Martin\OneDrive\Noter\Zealand\Hovedopgave\rf2LiveTiming\src\views\TracksArchive.vue">
        <metrics statements="1" coveredstatements="1" conditionals="2" coveredconditionals="1" methods="1" coveredmethods="1"/>
        <line num="2" count="84" type="cond" truecount="1" falsecount="1"/>
      </file>
    </package>
  </project>
</coverage>
