{"C:\\Users\\Martin\\OneDrive\\Noter\\Zealand\\Hovedopgave\\rf2LiveTiming\\src\\router\\index.js": {"path":"C:\\Users\\Martin\\OneDrive\\Noter\\Zealand\\Hovedopgave\\rf2LiveTiming\\src\\router\\index.js","statementMap":{"0":{"start":{"line":5,"column":0},"end":{"line":5,"column":19}},"1":{"start":{"line":7,"column":15},"end":{"line":40,"column":2}},"2":{"start":{"line":22,"column":23},"end":{"line":22,"column":55}},"3":{"start":{"line":27,"column":23},"end":{"line":27,"column":59}},"4":{"start":{"line":32,"column":23},"end":{"line":32,"column":59}},"5":{"start":{"line":37,"column":23},"end":{"line":37,"column":65}}},"fnMap":{"0":{"name":"(anonymous_0)","decl":{"start":{"line":22,"column":17},"end":{"line":22,"column":18}},"loc":{"start":{"line":22,"column":23},"end":{"line":22,"column":55}},"line":22},"1":{"name":"(anonymous_1)","decl":{"start":{"line":27,"column":17},"end":{"line":27,"column":18}},"loc":{"start":{"line":27,"column":23},"end":{"line":27,"column":59}},"line":27},"2":{"name":"(anonymous_2)","decl":{"start":{"line":32,"column":17},"end":{"line":32,"column":18}},"loc":{"start":{"line":32,"column":23},"end":{"line":32,"column":59}},"line":32},"3":{"name":"(anonymous_3)","decl":{"start":{"line":37,"column":17},"end":{"line":37,"column":18}},"loc":{"start":{"line":37,"column":23},"end":{"line":37,"column":65}},"line":37}},"branchMap":{},"s":{"0":0,"1":0,"2":0,"3":0,"4":0,"5":0},"f":{"0":0,"1":0,"2":0,"3":0},"b":{}}
,"C:\\Users\\Martin\\OneDrive\\Noter\\Zealand\\Hovedopgave\\rf2LiveTiming\\src\\views\\LiveStandings.vue": {"path":"C:\\Users\\Martin\\OneDrive\\Noter\\Zealand\\Hovedopgave\\rf2LiveTiming\\src\\views\\LiveStandings.vue","statementMap":{"0":{"start":{"line":2,"column":0},"end":{"line":2,"column":null}},"1":{"start":{"line":2,"column":0},"end":{"line":289,"column":null}},"2":{"start":{"line":291,"column":0},"end":{"line":302,"column":null}}},"fnMap":{"0":{"name":"asyncGeneratorStep","decl":{"start":{"line":2,"column":0},"end":{"line":2,"column":null}},"loc":{"start":{"line":2,"column":0},"end":{"line":2,"column":null}}},"1":{"name":"toDataURL","decl":{"start":{"line":291,"column":0},"end":{"line":291,"column":null}},"loc":{"start":{"line":291,"column":0},"end":{"line":302,"column":null}}},"2":{"name":"secondsToHms","decl":{"start":{"line":304,"column":0},"end":{"line":304,"column":null}},"loc":{"start":{"line":304,"column":0},"end":{"line":314,"column":null}}},"3":{"name":"sec2time","decl":{"start":{"line":315,"column":0},"end":{"line":315,"column":null}},"loc":{"start":{"line":315,"column":0},"end":{"line":325,"column":null}}}},"branchMap":{"0":{"loc":{"start":{"line":2,"column":0},"end":{"line":2,"column":null}},"type":"if","locations":[{"start":{"line":2,"column":0},"end":{"line":2,"column":null}},{"start":{"line":2,"column":0},"end":{"line":2,"column":null}}]}},"s":{"0":361,"1":1,"2":1},"f":{"0":144,"1":6,"2":0,"3":0},"b":{"0":[12,24]}}
,"C:\\Users\\Martin\\OneDrive\\Noter\\Zealand\\Hovedopgave\\rf2LiveTiming\\src\\views\\TrackRecordsArchive.vue": {"path":"C:\\Users\\Martin\\OneDrive\\Noter\\Zealand\\Hovedopgave\\rf2LiveTiming\\src\\views\\TrackRecordsArchive.vue","statementMap":{"0":{"start":{"line":2,"column":0},"end":{"line":2,"column":null}},"1":{"start":{"line":2,"column":0},"end":{"line":173,"column":null}}},"fnMap":{"0":{"name":"ownKeys","decl":{"start":{"line":2,"column":0},"end":{"line":2,"column":null}},"loc":{"start":{"line":2,"column":0},"end":{"line":2,"column":null}}},"1":{"name":"sec2time","decl":{"start":{"line":174,"column":0},"end":{"line":174,"column":null}},"loc":{"start":{"line":174,"column":0},"end":{"line":184,"column":null}}}},"branchMap":{"0":{"loc":{"start":{"line":2,"column":0},"end":{"line":2,"column":null}},"type":"if","locations":[{"start":{"line":2,"column":0},"end":{"line":2,"column":null}}]},"1":{"loc":{"start":{"line":2,"column":0},"end":{"line":2,"column":null}},"type":"binary-expr","locations":[{"start":{"line":2,"column":0},"end":{"line":2,"column":null}},{"start":{"line":2,"column":0},"end":{"line":2,"column":null}}]},"2":{"loc":{"start":{"line":2,"column":0},"end":{"line":2,"column":null}},"type":"binary-expr","locations":[{"start":{"line":2,"column":0},"end":{"line":2,"column":null}},{"start":{"line":2,"column":0},"end":{"line":2,"column":null}},{"start":{"line":2,"column":0},"end":{"line":2,"column":null}},{"start":{"line":2,"column":0},"end":{"line":2,"column":null}}]},"3":{"loc":{"start":{"line":2,"column":0},"end":{"line":2,"column":null}},"type":"binary-expr","locations":[{"start":{"line":2,"column":0},"end":{"line":2,"column":null}},{"start":{"line":2,"column":0},"end":{"line":2,"column":null}},{"start":{"line":2,"column":0},"end":{"line":2,"column":null}}]}},"s":{"0":92,"1":1},"f":{"0":32,"1":0},"b":{"0":[8],"1":[8,0],"2":[4,0,0,0],"3":[0,0,0]}}
,"C:\\Users\\Martin\\OneDrive\\Noter\\Zealand\\Hovedopgave\\rf2LiveTiming\\src\\views\\TracksArchive.vue": {"path":"C:\\Users\\Martin\\OneDrive\\Noter\\Zealand\\Hovedopgave\\rf2LiveTiming\\src\\views\\TracksArchive.vue","statementMap":{"0":{"start":{"line":2,"column":0},"end":{"line":2,"column":null}},"1":{"start":{"line":2,"column":0},"end":{"line":37,"column":null}}},"fnMap":{"0":{"name":"asyncGeneratorStep","decl":{"start":{"line":2,"column":0},"end":{"line":2,"column":null}},"loc":{"start":{"line":2,"column":0},"end":{"line":2,"column":null}}}},"branchMap":{"0":{"loc":{"start":{"line":2,"column":0},"end":{"line":2,"column":null}},"type":"if","locations":[{"start":{"line":2,"column":0},"end":{"line":2,"column":null}},{"start":{"line":2,"column":0},"end":{"line":2,"column":null}}]}},"s":{"0":84,"1":1},"f":{"0":35},"b":{"0":[7,0]}}
}
