TN:
SF:src\router\index.js
FN:22,(anonymous_0)
FN:27,(anonymous_1)
FN:32,(anonymous_2)
FN:37,(anonymous_3)
FNF:4
FNH:0
FNDA:0,(anonymous_0)
FNDA:0,(anonymous_1)
FNDA:0,(anonymous_2)
FNDA:0,(anonymous_3)
DA:5,0
DA:7,0
DA:22,0
DA:27,0
DA:32,0
DA:37,0
LF:6
LH:0
BRF:0
BRH:0
end_of_record
TN:
SF:src\views\LiveStandings.vue
FN:2,asyncGeneratorStep
FN:291,toDataURL
FN:304,secondsToHms
FN:315,sec2time
FNF:4
FNH:2
FNDA:144,asyncGeneratorStep
FNDA:6,toDataURL
FNDA:0,secondsToHms
FNDA:0,sec2time
DA:2,361
DA:291,1
LF:2
LH:2
BRDA:2,0,0,12
BRDA:2,0,1,24
BRF:2
BRH:2
end_of_record
TN:
SF:src\views\TrackRecordsArchive.vue
FN:2,ownKeys
FN:174,sec2time
FNF:2
FNH:1
FNDA:32,ownKeys
FNDA:0,sec2time
DA:2,92
LF:1
LH:1
BRDA:2,0,0,8
BRDA:2,1,0,8
BRDA:2,1,1,0
BRDA:2,2,0,4
BRDA:2,2,1,0
BRDA:2,2,2,0
BRDA:2,2,3,0
BRDA:2,3,0,0
BRDA:2,3,1,0
BRDA:2,3,2,0
BRF:10
BRH:3
end_of_record
TN:
SF:src\views\TracksArchive.vue
FN:2,asyncGeneratorStep
FNF:1
FNH:1
FNDA:35,asyncGeneratorStep
DA:2,84
LF:1
LH:1
BRDA:2,0,0,7
BRDA:2,0,1,0
BRF:2
BRH:1
end_of_record
